<?xml version="1.0" encoding="UTF-8"?>
<!-- Generated by org.testng.reporters.JUnitReportReporter -->
<testsuite hostname="DICVUVAN" name="vTest.JSONProfileTest" tests="1" failures="0" timestamp="5 Feb 2020 09:55:10 GMT" time="24.394" errors="0">
  <testcase name="login" time="24.394" classname="vTest.JSONProfileTest"/>
</testsuite> <!-- vTest.JSONProfileTest -->
