<?xml version="1.0" encoding="UTF-8"?>
<!-- Generated by org.testng.reporters.JUnitReportReporter -->
<testsuite hostname="DICVUVAN" name="vTest.CustomerMngTest" tests="1" failures="0" timestamp="5 Sep 2019 10:00:12 GMT" time="23.042" errors="0">
  <testcase name="CreateAccount" time="23.042" classname="vTest.CustomerMngTest"/>
</testsuite> <!-- vTest.CustomerMngTest -->
