<?xml version="1.0" encoding="UTF-8"?>
<!-- Generated by org.testng.reporters.JUnitReportReporter -->
<testsuite hostname="DICVUVAN" name="vTest.HTTPTest" tests="1" failures="0" timestamp="4 Feb 2020 06:46:57 GMT" time="24.508" errors="0">
  <testcase name="login" time="24.508" classname="vTest.HTTPTest"/>
</testsuite> <!-- vTest.HTTPTest -->
