<?xml version="1.0" encoding="UTF-8"?>
<!-- Generated by org.testng.reporters.JUnitReportReporter -->
<testsuite hostname="DICVUVAN" name="vTest.ActivatedProcessTest" tests="1" failures="0" timestamp="13 Sep 2019 04:13:54 GMT" time="37.407" errors="0">
  <testcase name="createShedule" time="37.407" classname="vTest.ActivatedProcessTest"/>
</testsuite> <!-- vTest.ActivatedProcessTest -->
