<?xml version="1.0" encoding="UTF-8"?>
<!-- Generated by org.testng.reporters.JUnitReportReporter -->
<testsuite hostname="DICVUVAN" name="vTest.MapTest" tests="1" failures="0" timestamp="4 Feb 2020 09:59:38 GMT" time="25.549" errors="0">
  <testcase name="login" time="25.549" classname="vTest.MapTest"/>
</testsuite> <!-- vTest.MapTest -->
