<?xml version="1.0" encoding="UTF-8"?>
<!-- Generated by org.testng.reporters.JUnitReportReporter -->
<testsuite hostname="DICVUVAN" name="vTest.BuildTest" tests="19" failures="0" timestamp="25 Sep 2019 09:23:13 GMT" time="493.234" errors="0">
  <testcase name="main" time="28.738" classname="vTest.BuildTest"/>
  <testcase name="main" time="28.462" classname="vTest.BuildTest"/>
  <testcase name="main" time="26.743" classname="vTest.BuildTest"/>
  <testcase name="main" time="22.317" classname="vTest.BuildTest"/>
  <testcase name="main" time="26.065" classname="vTest.BuildTest"/>
  <testcase name="main" time="24.130" classname="vTest.BuildTest"/>
  <testcase name="main" time="34.991" classname="vTest.BuildTest"/>
  <testcase name="main" time="22.329" classname="vTest.BuildTest"/>
  <testcase name="main" time="22.542" classname="vTest.BuildTest"/>
  <testcase name="main" time="23.835" classname="vTest.BuildTest"/>
  <testcase name="main" time="25.885" classname="vTest.BuildTest"/>
  <testcase name="main" time="23.306" classname="vTest.BuildTest"/>
  <testcase name="main" time="31.403" classname="vTest.BuildTest"/>
  <testcase name="main" time="22.265" classname="vTest.BuildTest"/>
  <testcase name="main" time="31.861" classname="vTest.BuildTest"/>
  <testcase name="main" time="25.974" classname="vTest.BuildTest"/>
  <testcase name="main" time="22.214" classname="vTest.BuildTest"/>
  <testcase name="main" time="23.177" classname="vTest.BuildTest"/>
  <testcase name="main" time="26.997" classname="vTest.BuildTest"/>
</testsuite> <!-- vTest.BuildTest -->
