<?xml version="1.0" encoding="UTF-8"?>
<!-- Generated by org.testng.reporters.JUnitReportReporter -->
<testsuite hostname="DICVUVAN" name="vTest.CustomerMngTest" tests="1" failures="0" timestamp="6 Sep 2019 11:11:14 GMT" time="24.101" errors="0">
  <testcase name="CreateAccount" time="24.101" classname="vTest.CustomerMngTest"/>
</testsuite> <!-- vTest.CustomerMngTest -->
