<?xml version="1.0" encoding="UTF-8"?>
<!-- Generated by org.testng.reporters.JUnitReportReporter -->
<testsuite hostname="DICVUVAN" name="vTest.DiskOperationTest" tests="1" failures="0" timestamp="4 Feb 2020 04:18:07 GMT" time="22.704" errors="0">
  <testcase name="login" time="22.704" classname="vTest.DiskOperationTest"/>
</testsuite> <!-- vTest.DiskOperationTest -->
