<?xml version="1.0" encoding="UTF-8"?>
<!-- Generated by org.testng.reporters.JUnitReportReporter -->
<testsuite hostname="DICVUVAN" name="vTest.ActivatedProcessTest" tests="1" failures="0" timestamp="13 Sep 2019 10:04:48 GMT" time="35.118" errors="0">
  <testcase name="createShedule" time="35.118" classname="vTest.ActivatedProcessTest"/>
</testsuite> <!-- vTest.ActivatedProcessTest -->
