<?xml version="1.0" encoding="UTF-8"?>
<!-- Generated by org.testng.reporters.JUnitReportReporter -->
<testsuite hostname="DICVUVAN" name="vTest.RecipeTest" tests="1" failures="0" timestamp="31 Jan 2020 04:39:17 GMT" time="16.896" errors="0">
  <testcase name="login" time="16.896" classname="vTest.RecipeTest"/>
</testsuite> <!-- vTest.RecipeTest -->
