<?xml version="1.0" encoding="UTF-8"?>
<!-- Generated by org.testng.reporters.JUnitReportReporter -->
<testsuite hostname="DICVUVAN" name="vTest.MapTest" tests="1" failures="0" timestamp="5 Feb 2020 02:24:55 GMT" time="30.023" errors="0">
  <testcase name="login" time="30.023" classname="vTest.MapTest"/>
</testsuite> <!-- vTest.MapTest -->
