<?xml version="1.0" encoding="UTF-8"?>
<!-- Generated by org.testng.reporters.JUnitReportReporter -->
<testsuite hostname="DICVUVAN" name="vTest.DISKTest" tests="1" failures="0" timestamp="4 Feb 2020 04:35:54 GMT" time="22.982" errors="0">
  <testcase name="login" time="22.982" classname="vTest.DISKTest"/>
</testsuite> <!-- vTest.DISKTest -->
