<?xml version="1.0" encoding="UTF-8"?>
<!-- Generated by org.testng.reporters.JUnitReportReporter -->
<testsuite hostname="DICVUVAN" name="vTest.ApplyTest" tests="1" failures="0" timestamp="30 Oct 2019 04:20:08 GMT" time="13.999" errors="0">
  <testcase name="createShedule" time="13.999" classname="vTest.ApplyTest"/>
</testsuite> <!-- vTest.ApplyTest -->
