<?xml version="1.0" encoding="UTF-8"?>
<!-- Generated by org.testng.reporters.JUnitReportReporter -->
<testsuite hostname="DICVUVAN" name="vTest.BuildTest" tests="1" failures="0" timestamp="17 Sep 2019 10:36:12 GMT" time="21.674" errors="0">
  <testcase name="main" time="21.674" classname="vTest.BuildTest"/>
</testsuite> <!-- vTest.BuildTest -->
