<?xml version="1.0" encoding="UTF-8"?>
<!-- Generated by org.testng.reporters.JUnitReportReporter -->
<testsuite hostname="DICVUVAN" name="vTest.ActivatedProcessTest" tests="9" failures="0" timestamp="27 Sep 2019 03:28:03 GMT" time="578.991" errors="0">
  <testcase name="createShedule" time="73.320" classname="vTest.ActivatedProcessTest"/>
  <testcase name="createShedule" time="63.771" classname="vTest.ActivatedProcessTest"/>
  <testcase name="createShedule" time="67.821" classname="vTest.ActivatedProcessTest"/>
  <testcase name="createShedule" time="64.833" classname="vTest.ActivatedProcessTest"/>
  <testcase name="createShedule" time="63.204" classname="vTest.ActivatedProcessTest"/>
  <testcase name="createShedule" time="62.308" classname="vTest.ActivatedProcessTest"/>
  <testcase name="createShedule" time="60.081" classname="vTest.ActivatedProcessTest"/>
  <testcase name="createShedule" time="67.425" classname="vTest.ActivatedProcessTest"/>
  <testcase name="createShedule" time="56.228" classname="vTest.ActivatedProcessTest"/>
</testsuite> <!-- vTest.ActivatedProcessTest -->
