<?xml version="1.0" encoding="UTF-8"?>
<!-- Generated by org.testng.reporters.JUnitReportReporter -->
<testsuite hostname="DICVUVAN" name="vTest.CustomerMngTest" tests="1" failures="0" timestamp="12 Sep 2019 02:32:02 GMT" time="26.598" errors="0">
  <testcase name="CreateAccount" time="26.598" classname="vTest.CustomerMngTest"/>
</testsuite> <!-- vTest.CustomerMngTest -->
