<?xml version="1.0" encoding="UTF-8"?>
<!-- Generated by org.testng.reporters.JUnitReportReporter -->
<testsuite hostname="DICVUVAN" name="vTest.BuildTest" tests="1" failures="0" timestamp="24 Sep 2019 02:52:16 GMT" time="24.140" errors="0">
  <testcase name="main" time="24.140" classname="vTest.BuildTest"/>
</testsuite> <!-- vTest.BuildTest -->
