<?xml version="1.0" encoding="UTF-8"?>
<!-- Generated by org.testng.reporters.JUnitReportReporter -->
<testsuite hostname="DICVUVAN" name="vTest.XMLProfileTest" tests="1" failures="0" timestamp="4 Feb 2020 04:02:05 GMT" time="19.678" errors="0">
  <testcase name="login" time="19.678" classname="vTest.XMLProfileTest"/>
</testsuite> <!-- vTest.XMLProfileTest -->
