<?xml version="1.0" encoding="UTF-8"?>
<!-- Generated by org.testng.reporters.JUnitReportReporter -->
<testsuite hostname="DICVUVAN" name="vTest.BuildTest" tests="1" failures="0" timestamp="18 Sep 2019 04:11:25 GMT" time="32.893" errors="0">
  <testcase name="main" time="32.893" classname="vTest.BuildTest"/>
</testsuite> <!-- vTest.BuildTest -->
