<?xml version="1.0" encoding="UTF-8"?>
<!-- Generated by org.testng.reporters.JUnitReportReporter -->
<testsuite hostname="DICVUVAN" name="vTest.JSONProfileTest" tests="1" failures="0" timestamp="4 Feb 2020 04:39:41 GMT" time="25.712" errors="0">
  <testcase name="login" time="25.712" classname="vTest.JSONProfileTest"/>
</testsuite> <!-- vTest.JSONProfileTest -->
