<?xml version="1.0" encoding="UTF-8"?>
<!-- Generated by org.testng.reporters.JUnitReportReporter -->
<testsuite hostname="DICVUVAN" name="vTest.JSONProfileTest" tests="1" failures="0" timestamp="4 Feb 2020 03:46:19 GMT" time="21.123" errors="0">
  <testcase name="login" time="21.123" classname="vTest.JSONProfileTest"/>
</testsuite> <!-- vTest.JSONProfileTest -->
