<?xml version="1.0" encoding="UTF-8"?>
<!-- Generated by org.testng.reporters.JUnitReportReporter -->
<testsuite hostname="DICVUVAN" name="vTest.ActivatedProcessTest" tests="1" failures="0" timestamp="24 Sep 2019 09:44:21 GMT" time="31.949" errors="0">
  <testcase name="createShedule" time="31.949" classname="vTest.ActivatedProcessTest"/>
</testsuite> <!-- vTest.ActivatedProcessTest -->
