<?xml version="1.0" encoding="UTF-8"?>
<!-- Generated by org.testng.reporters.JUnitReportReporter -->
<testsuite hostname="DICVUVAN" name="vTest.RecipeTest" tests="1" failures="0" timestamp="31 Jan 2020 09:39:03 GMT" time="31.665" errors="0">
  <testcase name="login" time="31.665" classname="vTest.RecipeTest"/>
</testsuite> <!-- vTest.RecipeTest -->
