<?xml version="1.0" encoding="UTF-8"?>
<!-- Generated by org.testng.reporters.JUnitReportReporter -->
<testsuite hostname="DICVUVAN" name="vTest.ActivatedProcessTest" tests="1" failures="0" timestamp="17 Sep 2019 02:22:33 GMT" time="38.532" errors="0">
  <testcase name="createShedule" time="38.532" classname="vTest.ActivatedProcessTest"/>
</testsuite> <!-- vTest.ActivatedProcessTest -->
