<?xml version="1.0" encoding="UTF-8"?>
<!-- Generated by org.testng.reporters.JUnitReportReporter -->
<testsuite hostname="DICVUVAN" name="vTest.XMLProfileTest" tests="1" failures="0" timestamp="4 Feb 2020 04:38:03 GMT" time="26.810" errors="0">
  <testcase name="login" time="26.810" classname="vTest.XMLProfileTest"/>
</testsuite> <!-- vTest.XMLProfileTest -->
