<?xml version="1.0" encoding="UTF-8"?>
<!-- Generated by org.testng.reporters.JUnitReportReporter -->
<testsuite hostname="DICVUVAN" name="vTest.CustomerMngTest" tests="1" failures="0" timestamp="6 Sep 2019 10:59:16 GMT" time="21.822" errors="0">
  <testcase name="CreateAccount" time="21.822" classname="vTest.CustomerMngTest"/>
</testsuite> <!-- vTest.CustomerMngTest -->
