<?xml version="1.0" encoding="UTF-8"?>
<!-- Generated by org.testng.reporters.JUnitReportReporter -->
<testsuite hostname="DICVUVAN" name="fbTest.LoginFbTest" tests="1" failures="0" timestamp="17 Jul 2019 07:26:10 GMT" time="17.115" errors="0">
  <testcase name="loginByD" time="17.115" classname="fbTest.LoginFbTest"/>
</testsuite> <!-- fbTest.LoginFbTest -->
