<?xml version="1.0" encoding="UTF-8"?>
<!-- Generated by org.testng.reporters.JUnitReportReporter -->
<testsuite hostname="DICVUVAN" name="newPOM.LoginTest" tests="2" failures="0" timestamp="15 Jul 2019 09:58:06 GMT" time="31.590" errors="0">
  <testcase name="loginDIWeb" time="19.184" classname="newPOM.LoginTest"/>
  <testcase name="changeGeneral" time="12.406" classname="newPOM.LoginTest"/>
</testsuite> <!-- newPOM.LoginTest -->
