<?xml version="1.0" encoding="UTF-8"?>
<!-- Generated by org.testng.reporters.JUnitReportReporter -->
<testsuite hostname="DICVUVAN" name="diTest.ExportSalesOrderTest" tests="1" failures="0" timestamp="18 Jul 2019 03:01:51 GMT" time="38.225" errors="0">
  <testcase name="exportSalesOrder" time="38.225" classname="diTest.ExportSalesOrderTest"/>
</testsuite> <!-- diTest.ExportSalesOrderTest -->
