<?xml version="1.0" encoding="UTF-8"?>
<!-- Generated by org.testng.reporters.JUnitReportReporter -->
<testsuite hostname="DICVUVAN" name="diTest.LoginDIwebTest" tests="1" failures="0" timestamp="17 Jul 2019 06:17:56 GMT" time="17.632" errors="0">
  <testcase name="loginDIWeb" time="17.632" classname="diTest.LoginDIwebTest"/>
</testsuite> <!-- diTest.LoginDIwebTest -->
