<?xml version="1.0" encoding="UTF-8"?>
<!-- Generated by org.testng.reporters.JUnitReportReporter -->
<testsuite hostname="DICVUVAN" name="diTest.LoginByDTest" tests="1" failures="0" timestamp="17 Jul 2019 06:08:37 GMT" time="11.087" errors="0">
  <testcase name="loginByD" time="11.087" classname="diTest.LoginByDTest"/>
</testsuite> <!-- diTest.LoginByDTest -->
