<?xml version="1.0" encoding="UTF-8"?>
<!-- Generated by org.testng.reporters.JUnitReportReporter -->
<testsuite hostname="DICVUVAN" name="newPOM.AddNewPostPage" tests="1" failures="0" timestamp="12 Jul 2019 04:34:22 GMT" time="0.012" errors="0">
  <testcase name="f" time="0.012" classname="newPOM.AddNewPostPage"/>
</testsuite> <!-- newPOM.AddNewPostPage -->
