<?xml version="1.0" encoding="UTF-8"?>
<!-- Generated by org.testng.reporters.JUnitReportReporter -->
<testsuite hostname="DICVUVAN" name="diTest.LoginDIwebTest" tests="1" failures="0" timestamp="17 Jul 2019 09:56:52 GMT" time="34.035" errors="0">
  <testcase name="loginDIWeb" time="34.035" classname="diTest.LoginDIwebTest"/>
</testsuite> <!-- diTest.LoginDIwebTest -->
