<?xml version="1.0" encoding="UTF-8"?>
<!-- Generated by org.testng.reporters.JUnitReportReporter -->
<testsuite hostname="DICVUVAN" name="diTest.ByDesignTest" tests="1" failures="0" timestamp="23 Jul 2019 08:06:33 GMT" time="115.155" errors="0">
  <testcase name="createSalesOrderTest" time="115.155" classname="diTest.ByDesignTest"/>
</testsuite> <!-- diTest.ByDesignTest -->
