<?xml version="1.0" encoding="UTF-8"?>
<!-- Generated by org.testng.reporters.JUnitReportReporter -->
<testsuite hostname="DICVUVAN" name="diTest.ByDesignTest" tests="1" failures="0" timestamp="25 Jul 2019 03:49:14 GMT" time="137.175" errors="0">
  <testcase name="createSalesOrderTest" time="137.175" classname="diTest.ByDesignTest"/>
</testsuite> <!-- diTest.ByDesignTest -->
