<?xml version="1.0" encoding="UTF-8"?>
<!-- Generated by org.testng.reporters.JUnitReportReporter -->
<testsuite hostname="DICVUVAN" name="diTest.ExportSalesOrderTest" tests="1" failures="0" timestamp="18 Jul 2019 07:06:53 GMT" time="46.191" errors="0">
  <testcase name="exportSalesOrder" time="46.191" classname="diTest.ExportSalesOrderTest"/>
</testsuite> <!-- diTest.ExportSalesOrderTest -->
