<?xml version="1.0" encoding="UTF-8"?>
<!-- Generated by org.testng.reporters.JUnitReportReporter -->
<testsuite hostname="DICVUVAN" name="diTest.LoginDIwebTest" tests="1" failures="0" timestamp="17 Jul 2019 10:14:53 GMT" time="55.070" errors="0">
  <testcase name="loginDIWeb" time="55.070" classname="diTest.LoginDIwebTest"/>
</testsuite> <!-- diTest.LoginDIwebTest -->
