<?xml version="1.0" encoding="UTF-8"?>
<!-- Generated by org.testng.reporters.JUnitReportReporter -->
<testsuite hostname="DICVUVAN" name="diTest.LoginDIwebTest" tests="1" failures="0" timestamp="16 Jul 2019 09:12:03 GMT" time="27.825" errors="0">
  <testcase name="loginDIWeb" time="27.825" classname="diTest.LoginDIwebTest"/>
</testsuite> <!-- diTest.LoginDIwebTest -->
