<?xml version="1.0" encoding="UTF-8"?>
<!-- Generated by org.testng.reporters.JUnitReportReporter -->
<testsuite hostname="DICVUVAN" name="diTest.LoginDIwebTest" tests="1" failures="0" timestamp="25 Jul 2019 07:11:25 GMT" time="15.554" errors="0">
  <testcase name="loginDIWeb" time="15.554" classname="diTest.LoginDIwebTest"/>
</testsuite> <!-- diTest.LoginDIwebTest -->
