<?xml version="1.0" encoding="UTF-8"?>
<!-- Generated by org.testng.reporters.JUnitReportReporter -->
<testsuite hostname="DICVUVAN" name="diTest.LoginByDTest" tests="1" failures="0" timestamp="16 Jul 2019 07:46:44 GMT" time="9.729" errors="0">
  <testcase name="loginByD" time="9.729" classname="diTest.LoginByDTest"/>
</testsuite> <!-- diTest.LoginByDTest -->
