<?xml version="1.0" encoding="UTF-8"?>
<!-- Generated by org.testng.reporters.JUnitReportReporter -->
<testsuite hostname="DICVUVAN" name="diTest.ExportSalesOrderTest" tests="1" failures="0" timestamp="19 Jul 2019 03:48:14 GMT" time="52.856" errors="0">
  <testcase name="exportSalesOrder" time="52.856" classname="diTest.ExportSalesOrderTest"/>
</testsuite> <!-- diTest.ExportSalesOrderTest -->
