<?xml version="1.0" encoding="UTF-8"?>
<!-- Generated by org.testng.reporters.JUnitReportReporter -->
<testsuite hostname="DICVUVAN" name="diTest.ByDesignTest" tests="1" failures="0" timestamp="18 Jul 2019 08:50:35 GMT" time="67.246" errors="0">
  <testcase name="createSalesOrderTest" time="67.246" classname="diTest.ByDesignTest"/>
</testsuite> <!-- diTest.ByDesignTest -->
