<?xml version="1.0" encoding="UTF-8"?>
<!-- Generated by org.testng.reporters.JUnitReportReporter -->
<testsuite hostname="DICVUVAN" name="diTest.ByDesignTest" tests="1" failures="0" timestamp="23 Jul 2019 07:27:37 GMT" time="127.359" errors="0">
  <testcase name="createSalesOrderTest" time="127.359" classname="diTest.ByDesignTest"/>
</testsuite> <!-- diTest.ByDesignTest -->
