<?xml version="1.0" encoding="UTF-8"?>
<!-- Generated by org.testng.reporters.JUnitReportReporter -->
<testsuite hostname="DICVUVAN" name="diTest.LoginByDTest" tests="1" failures="0" timestamp="16 Jul 2019 09:10:20 GMT" time="12.176" errors="0">
  <testcase name="loginByD" time="12.176" classname="diTest.LoginByDTest"/>
</testsuite> <!-- diTest.LoginByDTest -->
