<?xml version="1.0" encoding="UTF-8"?>
<!-- Generated by org.testng.reporters.JUnitReportReporter -->
<testsuite hostname="DICVUVAN" name="diUtlities.MyUnitTest" tests="1" failures="0" timestamp="29 Jul 2019 02:30:47 GMT" time="0.128" errors="0">
  <testcase name="testGenerator" time="0.128" classname="diUtlities.MyUnitTest"/>
</testsuite> <!-- diUtlities.MyUnitTest -->
