<?xml version="1.0" encoding="UTF-8"?>
<!-- Generated by org.testng.reporters.JUnitReportReporter -->
<testsuite hostname="DICVUVAN" name="diTest.ByDesignTest" tests="1" failures="0" timestamp="24 Jul 2019 06:55:49 GMT" time="135.373" errors="0">
  <testcase name="createSalesOrderTest" time="135.373" classname="diTest.ByDesignTest"/>
</testsuite> <!-- diTest.ByDesignTest -->
