<?xml version="1.0" encoding="UTF-8"?>
<!-- Generated by org.testng.reporters.JUnitReportReporter -->
<testsuite hostname="DICVUVAN" name="diTest.GeneralDIwebSetting" tests="1" failures="0" timestamp="17 Jul 2019 06:24:15 GMT" time="33.927" errors="0">
  <testcase name="settingDIWEB" time="33.927" classname="diTest.GeneralDIwebSetting"/>
</testsuite> <!-- diTest.GeneralDIwebSetting -->
