<?xml version="1.0" encoding="UTF-8"?>
<!-- Generated by org.testng.reporters.JUnitReportReporter -->
<testsuite hostname="DICVUVAN" name="diTest.generalSetting" tests="1" failures="0" timestamp="16 Jul 2019 03:03:32 GMT" time="58.550" errors="0">
  <testcase name="settingDIWEB" time="58.550" classname="diTest.generalSetting"/>
</testsuite> <!-- diTest.generalSetting -->
