<?xml version="1.0" encoding="UTF-8"?>
<!-- Generated by org.testng.reporters.JUnitReportReporter -->
<testsuite hostname="DICVUVAN" name="diTest.ExportSalesOrderTest" tests="1" failures="0" timestamp="22 Jul 2019 08:36:39 GMT" time="48.852" errors="0">
  <testcase name="exportSalesOrder" time="48.852" classname="diTest.ExportSalesOrderTest"/>
</testsuite> <!-- diTest.ExportSalesOrderTest -->
