<?xml version="1.0" encoding="UTF-8"?>
<!-- Generated by org.testng.reporters.JUnitReportReporter -->
<testsuite hostname="DICVUVAN" name="newPOM.generalSetting" tests="1" failures="0" timestamp="16 Jul 2019 02:25:39 GMT" time="35.430" errors="0">
  <testcase name="settingDIWEB" time="35.430" classname="newPOM.generalSetting"/>
</testsuite> <!-- newPOM.generalSetting -->
