<?xml version="1.0" encoding="UTF-8"?>
<!-- Generated by org.testng.reporters.JUnitReportReporter -->
<testsuite hostname="DICVUVAN" name="vTest.UCLoginTest" tests="1" failures="0" timestamp="14 Aug 2019 07:25:03 GMT" time="11.338" errors="0">
  <testcase name="login" time="11.338" classname="vTest.UCLoginTest"/>
</testsuite> <!-- vTest.UCLoginTest -->
