<?xml version="1.0" encoding="UTF-8"?>
<!-- Generated by org.testng.reporters.JUnitReportReporter -->
<testsuite hostname="DICVUVAN" name="vTest.buildTest" tests="1" failures="0" timestamp="22 Aug 2019 01:39:26 GMT" time="41.149" errors="0">
  <testcase name="createProcess" time="41.149" classname="vTest.buildTest"/>
</testsuite> <!-- vTest.buildTest -->
