<?xml version="1.0" encoding="UTF-8"?>
<!-- Generated by org.testng.reporters.JUnitReportReporter -->
<testsuite hostname="DICVUVAN" name="vTest.UCLoginTest" tests="1" failures="0" timestamp="4 Sep 2019 12:11:27 GMT" time="12.024" errors="0">
  <testcase name="login" time="12.024" classname="vTest.UCLoginTest"/>
</testsuite> <!-- vTest.UCLoginTest -->
