<?xml version="1.0" encoding="UTF-8"?>
<!-- Generated by org.testng.reporters.JUnitReportReporter -->
<testsuite hostname="DICVUVAN" name="vTest.buildTest" tests="1" failures="0" timestamp="14 Aug 2019 08:24:48 GMT" time="14.140" errors="0">
  <testcase name="createProcess" time="14.140" classname="vTest.buildTest"/>
</testsuite> <!-- vTest.buildTest -->
